     1                                  ;22p_9247
     2                                  ;section c
     3                                  [org 0x0100]
     4 00000000 E95C00                  jmp start
     5 00000003 9001                    num1: dw 400
     6 00000005 2C01                    num2:  dw 300
     7 00000007 0000                    result: dw 0
     8                                  
     9                                  
    10                                  comparison_for_equality:
    11 00000009 55                        push bp
    12 0000000A 89E5                      mov  bp,sp
    13 0000000C 50                        push ax 
    14 0000000D 53                        push bx
    15 0000000E 8B4604                    mov ax ,[bp+4]
    16 00000011 8B5E06                    mov bx, [bp+6]
    17 00000014 39D8                      cmp ax,bx
    18 00000016 7406                      je result1 
    19 00000018 5B                        pop bx
    20 00000019 58                        pop ax
    21 0000001A 5D                        pop bp
    22 0000001B C20400                    ret 4
    23                                    
    24                                    result1:
    25 0000001E A3[0700]                  mov [result], ax
    26 00000021 5B                        pop bx
    27 00000022 58                        pop ax
    28 00000023 5D                        pop bp
    29 00000024 C20400                    ret 4
    30                                   
    31                                    
    32                                    
    33                                  greater_or_equal:
    34 00000027 55                      push bp
    35 00000028 89E5                      mov  bp,sp
    36 0000002A 50                        push ax 
    37 0000002B 53                        push bx
    38 0000002C 8B4604                    mov ax ,[bp+4]
    39 0000002F 8B5E06                    mov bx, [bp+6]
    40 00000032 39D8                      cmp ax,bx
    41 00000034 7307                      jae no_swap
    42 00000036 93                         xchg ax , bx 
    43                                    
    44 00000037 5B                        pop bx
    45 00000038 58                        pop ax
    46 00000039 5D                        pop bp
    47 0000003A C20400                    ret 4
    48                                    
    49                                    
    50                                    no_swap:
    51 0000003D 5B                         pop bx
    52 0000003E 58                        pop ax
    53 0000003F 5D                        pop bp
    54                                    
    55                                    
    56 00000040 C20400                      ret 4
    57                                    
    58                                   
    59                                    
    60                                    
    61                                    less_or_equal:
    62 00000043 55                        push bp
    63 00000044 89E5                      mov  bp,sp
    64 00000046 50                        push ax 
    65 00000047 53                        push bx
    66 00000048 8B4604                    mov ax ,[bp+4]
    67 0000004B 8B5E06                    mov bx, [bp+6]
    68 0000004E 39D8                      cmp ax,bx
    69 00000050 7607                      jbe no_xchg
    70 00000052 93                         xchg ax , bx 
    71                                    
    72 00000053 5B                        pop bx
    73 00000054 58                        pop ax
    74 00000055 5D                        pop bp
    75 00000056 C20400                    ret 4
    76                                    
    77                                    
    78                                    no_xchg:
    79 00000059 5B                         pop bx
    80 0000005A 58                        pop ax
    81 0000005B 5D                        pop bp
    82                                    
    83                                    
    84 0000005C C20400                      ret 4
    85                                   
    86                                    
    87                                  start:
    88 0000005F B8[0300]                  mov ax , num1
    89                                    
    90 00000062 50                        push ax
    91                                    
    92 00000063 B8[0500]                  mov ax, num2
    93                                    
    94 00000066 50                        push ax 
    95                                    
    96                                   
    97 00000067 E89FFF                    call comparison_for_equality
    98 0000006A B8[0300]                   mov ax , num1
    99                                    
   100 0000006D 50                        push ax
   101                                    
   102 0000006E B8[0500]                  mov ax, num2
   103                                    
   104 00000071 50                        push ax 
   105 00000072 E8B2FF                    call greater_or_equal
   106 00000075 B8[0300]                   mov ax , num1
   107                                    
   108 00000078 50                        push ax
   109                                    
   110 00000079 B8[0500]                  mov ax, num2
   111                                    
   112 0000007C 50                        push ax 
   113 0000007D E8C3FF                    call less_or_equal
   114                                      
   115                                  	
   116 00000080 B8004C                  	mov ax , 0x04c00
   117 00000083 CD21                    	int 0x21
